[05:13:04] [ServerMain/INFO]: [bootstrap] Running Java 21 (OpenJDK 64-Bit Server VM 21.0.8+9-Ubuntu-0ubuntu124.04.1; Ubuntu null) on Linux 6.8.0-1030-azure (amd64)
[05:13:04] [ServerMain/INFO]: [bootstrap] Loading Paper 1.21.8-6-main@782ce95 (2025-07-18T20:26:58Z) for Minecraft 1.21.8
[05:13:04] [ServerMain/INFO]: [PluginInitializerManager] Initializing plugins...
[05:13:04] [ServerMain/INFO]: [PluginInitializerManager] Initialized 0 plugins
[05:13:10] [ServerMain/INFO]: Environment: Environment[sessionHost=https://sessionserver.mojang.com, servicesHost=https://api.minecraftservices.com, name=PROD]
[05:13:12] [ServerMain/INFO]: Loaded 1407 recipes
[05:13:12] [ServerMain/INFO]: Loaded 1520 advancements
[05:13:12] [ServerMain/INFO]: [ca.spottedleaf.dataconverter.minecraft.datatypes.MCTypeRegistry] Initialising converters for DataConverter...
[05:13:12] [ServerMain/INFO]: [ca.spottedleaf.dataconverter.minecraft.datatypes.MCTypeRegistry] Finished initialising converters for DataConverter in 466.5ms
[05:13:13] [Server thread/INFO]: Starting minecraft server version 1.21.8
[05:13:13] [Server thread/INFO]: Loading properties
[05:13:13] [Server thread/INFO]: This server is running Paper version 1.21.8-6-main@782ce95 (2025-07-18T20:26:58Z) (Implementing API version 1.21.8-R0.1-SNAPSHOT)
[05:13:13] [Server thread/INFO]: [spark] This server bundles the spark profiler. For more information please visit https://docs.papermc.io/paper/profiling
[05:13:13] [Server thread/INFO]: Server Ping Player Sample Count: 12
[05:13:13] [Server thread/INFO]: Using 4 threads for Netty based IO
[05:13:14] [Server thread/INFO]: [MoonriseCommon] Paper is using 1 worker threads, 1 I/O threads
[05:13:14] [Server thread/INFO]: [ChunkTaskScheduler] Chunk system is using population gen parallelism: true
[05:13:14] [Server thread/INFO]: Default game type: SURVIVAL
[05:13:14] [Server thread/INFO]: Generating keypair
[05:13:14] [Server thread/INFO]: Starting Minecraft server on *:25565
[05:13:14] [Server thread/INFO]: Using epoll channel type
[05:13:14] [Server thread/INFO]: Paper: Using libdeflate (Linux x86_64) compression from Velocity.
[05:13:14] [Server thread/INFO]: Paper: Using OpenSSL 3.x.x (Linux x86_64) cipher from Velocity.
[05:13:14] [Server thread/INFO]: Server permissions file permissions.yml is empty, ignoring it
[05:13:14] [Server thread/WARN]: **** SERVER IS RUNNING IN OFFLINE/INSECURE MODE!
[05:13:14] [Server thread/WARN]: The server will make no attempt to authenticate usernames. Beware.
[05:13:14] [Server thread/WARN]: While this makes the game possible to play without internet access, it also opens up the ability for hackers to connect with any username they choose.
[05:13:14] [Server thread/WARN]: To change this, set "online-mode" to "true" in the server.properties file.
[05:13:14] [Server thread/INFO]: Preparing level "world"
[05:13:15] [Server thread/INFO]: Preparing start region for dimension minecraft:overworld
[05:13:15] [Server thread/INFO]: Preparing spawn area: 0%
[05:13:16] [Server thread/INFO]: Preparing spawn area: 0%
[05:13:16] [Server thread/INFO]: Preparing spawn area: 0%
[05:13:16] [Server thread/INFO]: Time elapsed: 1059 ms
[05:13:16] [Server thread/INFO]: Preparing start region for dimension minecraft:the_nether
[05:13:16] [Server thread/INFO]: Preparing spawn area: 0%
[05:13:16] [Server thread/INFO]: Time elapsed: 274 ms
[05:13:16] [Server thread/INFO]: Preparing start region for dimension minecraft:the_end
[05:13:16] [Server thread/INFO]: Preparing spawn area: 0%
[05:13:16] [Server thread/INFO]: Time elapsed: 164 ms
[05:13:16] [Server thread/INFO]: [spark] Starting background profiler...
[05:13:17] [Server thread/INFO]: Done preparing level "world" (2.484s)
[05:13:17] [Server thread/INFO]: Running delayed init tasks
[05:13:17] [Server thread/INFO]: Done (13.659s)! For help, type "help"
[05:13:23] [User Authenticator #0/INFO]: UUID of player ByReD888 is f4d44c16-0209-3600-b2df-940343d9dd81
[05:13:24] [Server thread/INFO]: ByReD888 joined the game
[05:13:24] [Server thread/INFO]: ByReD888[/127.89.118.17:46837] logged in with entity id 119 at ([world]927.1405049666625, 65.0, -1067.300000011921)
[05:13:27] [User Authenticator #0/INFO]: UUID of player Estebanjmc_10 is 55fbccf3-bab4-305b-91a5-01469fb9fa9b
[05:13:28] [Server thread/INFO]: Estebanjmc_10 joined the game
[05:13:28] [Server thread/INFO]: Estebanjmc_10[/127.65.166.68:60517] logged in with entity id 312 at ([world]-118.87471556658403, -3.0, -364.09465196046557)
[05:15:33] [Server thread/INFO]: ByReD888 has made the advancement [Hot Stuff]
[05:20:20] [Server thread/INFO]: ByReD888 has made the advancement [What a Deal!]
